TN:
SF:script/DeployUniswapV2Factory.s.sol
FN:9,DeployUniswapV2Factory.run
FNDA:0,DeployUniswapV2Factory.run
DA:11,0
DA:12,0
DA:13,0
DA:14,0
FNF:1
FNH:0
LF:4
LH:0
BRF:0
BRH:0
end_of_record
TN:
SF:src/UniswapV2ERC20.sol
FN:35,UniswapV2ERC20._mint
FNDA:0,UniswapV2ERC20._mint
DA:36,0
DA:37,0
DA:38,0
FN:41,UniswapV2ERC20._burn
FNDA:0,UniswapV2ERC20._burn
DA:42,0
DA:43,0
DA:44,0
FN:47,UniswapV2ERC20._approve
FNDA:0,UniswapV2ERC20._approve
DA:48,0
DA:49,0
FN:52,UniswapV2ERC20._transfer
FNDA:0,UniswapV2ERC20._transfer
DA:53,0
DA:54,0
DA:55,0
FN:58,UniswapV2ERC20.approve
FNDA:0,UniswapV2ERC20.approve
DA:62,0
DA:63,0
FN:66,UniswapV2ERC20.transfer
FNDA:0,UniswapV2ERC20.transfer
DA:70,0
DA:71,0
FN:74,UniswapV2ERC20.transferFrom
FNDA:0,UniswapV2ERC20.transferFrom
DA:79,0
BRDA:79,0,0,-
BRDA:79,0,1,-
DA:80,0
DA:82,0
DA:83,0
FN:86,UniswapV2ERC20.permit
FNDA:0,UniswapV2ERC20.permit
DA:95,0
BRDA:95,1,0,-
BRDA:95,1,1,-
DA:96,0
DA:112,0
DA:113,0
BRDA:113,2,0,-
BRDA:113,2,1,-
DA:117,0
FNF:8
FNH:0
LF:24
LH:0
BRF:6
BRH:0
end_of_record
TN:
SF:src/UniswapV2Factory.sol
FN:23,UniswapV2Factory.allPairsLength
FNDA:2,UniswapV2Factory.allPairsLength
DA:24,2
FN:27,UniswapV2Factory.createPair
FNDA:4,UniswapV2Factory.createPair
DA:31,4
BRDA:31,0,0,-
BRDA:31,0,1,4
DA:32,4
DA:35,4
BRDA:35,1,0,1
BRDA:35,1,1,3
DA:36,3
BRDA:36,2,0,2
BRDA:36,2,1,1
DA:41,1
DA:46,1
DA:47,1
DA:48,1
DA:49,1
DA:50,1
FN:53,UniswapV2Factory.setFeeTo
FNDA:2,UniswapV2Factory.setFeeTo
DA:54,2
BRDA:54,3,0,1
BRDA:54,3,1,1
DA:55,1
FN:58,UniswapV2Factory.setFeeToSetter
FNDA:2,UniswapV2Factory.setFeeToSetter
DA:59,2
BRDA:59,4,0,1
BRDA:59,4,1,1
DA:60,1
FNF:4
FNH:4
LF:15
LH:15
BRF:10
BRH:9
end_of_record
TN:
SF:src/UniswapV2Pair.sol
FN:38,UniswapV2Pair.getReserves
FNDA:0,UniswapV2Pair.getReserves
DA:48,0
DA:49,0
DA:50,0
FN:53,UniswapV2Pair._safeTransfer
FNDA:0,UniswapV2Pair._safeTransfer
DA:54,0
DA:57,0
BRDA:57,0,0,-
BRDA:57,0,1,-
FN:68,UniswapV2Pair.initialize
FNDA:1,UniswapV2Pair.initialize
DA:69,1
BRDA:69,1,0,-
BRDA:69,1,1,1
DA:70,1
DA:71,1
FN:75,UniswapV2Pair._update
FNDA:0,UniswapV2Pair._update
DA:81,0
BRDA:81,2,0,-
BRDA:81,2,1,-
DA:85,0
DA:87,0
DA:88,0
BRDA:88,3,0,-
BRDA:88,3,1,-
DA:90,0
DA:93,0
DA:98,0
DA:99,0
DA:100,0
DA:101,0
FN:105,UniswapV2Pair._mintFee
FNDA:0,UniswapV2Pair._mintFee
DA:109,0
DA:110,0
DA:111,0
DA:112,0
BRDA:112,4,0,-
BRDA:112,4,1,-
DA:113,0
BRDA:113,5,0,-
BRDA:113,5,1,-
DA:114,0
DA:115,0
DA:116,0
BRDA:116,6,0,-
BRDA:116,6,1,-
DA:117,0
DA:118,0
DA:119,0
DA:120,0
BRDA:120,7,0,-
BRDA:120,7,1,-
DA:123,0
BRDA:123,8,0,-
BRDA:123,8,1,-
DA:124,0
FN:129,UniswapV2Pair.mint
FNDA:0,UniswapV2Pair.mint
DA:132,0
DA:133,0
DA:134,0
DA:135,0
DA:136,0
DA:138,0
DA:139,0
DA:140,0
BRDA:140,9,0,-
BRDA:140,9,1,-
DA:141,0
DA:142,0
DA:144,0
DA:149,0
BRDA:149,10,0,-
BRDA:149,10,1,-
DA:150,0
DA:152,0
DA:153,0
BRDA:153,11,0,-
BRDA:153,11,1,-
DA:154,0
FN:158,UniswapV2Pair.burn
FNDA:0,UniswapV2Pair.burn
DA:161,0
DA:162,0
DA:163,0
DA:164,0
DA:165,0
DA:166,0
DA:168,0
DA:169,0
DA:170,0
DA:171,0
DA:172,0
BRDA:172,12,0,-
BRDA:172,12,1,-
DA:176,0
DA:177,0
DA:178,0
DA:179,0
DA:180,0
DA:182,0
DA:183,0
BRDA:183,13,0,-
BRDA:183,13,1,-
DA:184,0
FN:188,UniswapV2Pair.swap
FNDA:0,UniswapV2Pair.swap
DA:194,0
BRDA:194,14,0,-
BRDA:194,14,1,-
DA:198,0
DA:199,0
BRDA:199,15,0,-
BRDA:199,15,1,-
DA:204,0
DA:205,0
DA:208,0
DA:209,0
DA:210,0
BRDA:210,16,0,-
BRDA:210,16,1,-
DA:211,0
BRDA:211,17,0,-
BRDA:211,17,1,-
DA:212,0
BRDA:212,18,0,-
BRDA:212,18,1,-
DA:213,0
BRDA:213,19,0,-
BRDA:213,19,1,-
DA:214,0
DA:220,0
DA:221,0
DA:223,0
DA:226,0
DA:229,0
BRDA:229,20,0,-
BRDA:229,20,1,-
DA:235,0
DA:236,0
DA:237,0
BRDA:237,21,0,-
BRDA:237,21,1,-
DA:244,0
DA:245,0
FN:249,UniswapV2Pair.skim
FNDA:0,UniswapV2Pair.skim
DA:250,0
DA:251,0
DA:252,0
DA:257,0
FN:265,UniswapV2Pair.sync
FNDA:0,UniswapV2Pair.sync
DA:266,0
FNF:10
FNH:1
LF:94
LH:3
BRF:44
BRH:1
end_of_record
TN:
SF:src/UniswapV2Router.sol
FN:34,UniswapV2Router._addLiquidity
FNDA:0,UniswapV2Router._addLiquidity
DA:43,0
BRDA:43,0,0,-
BRDA:43,0,1,-
DA:44,0
DA:46,0
DA:51,0
BRDA:51,1,0,-
BRDA:51,1,1,-
DA:52,0
DA:54,0
DA:59,0
BRDA:59,2,0,-
BRDA:59,2,1,-
DA:60,0
BRDA:60,3,0,-
BRDA:60,3,1,-
DA:64,0
DA:66,0
DA:71,0
BRDA:71,4,0,-
BRDA:71,4,1,-
DA:72,0
BRDA:72,5,0,-
BRDA:72,5,1,-
DA:76,0
FN:81,UniswapV2Router.addLiquidity
FNDA:0,UniswapV2Router.addLiquidity
DA:97,0
DA:105,0
DA:106,0
DA:107,0
DA:108,0
FN:111,UniswapV2Router.addLiquidityETH
FNDA:0,UniswapV2Router.addLiquidityETH
DA:126,0
DA:134,0
DA:135,0
DA:136,0
DA:137,0
BRDA:137,6,0,-
BRDA:137,6,1,-
DA:138,0
DA:140,0
BRDA:140,7,0,-
BRDA:140,7,1,-
DA:141,0
FN:145,UniswapV2Router.removeLiquidity
FNDA:0,UniswapV2Router.removeLiquidity
DA:160,0
DA:161,0
DA:162,0
DA:163,0
DA:164,0
DA:167,0
BRDA:167,8,0,-
BRDA:167,8,1,-
DA:171,0
BRDA:171,9,0,-
BRDA:171,9,1,-
FN:177,UniswapV2Router.removeLiquidityETH
FNDA:0,UniswapV2Router.removeLiquidityETH
DA:191,0
DA:200,0
DA:201,0
DA:202,0
FN:205,UniswapV2Router.removeLiquidityWithPermit
FNDA:0,UniswapV2Router.removeLiquidityWithPermit
DA:218,0
DA:219,0
DA:220,0
DA:229,0
FN:240,UniswapV2Router.removeLiquidityETHWithPermit
FNDA:0,UniswapV2Router.removeLiquidityETHWithPermit
DA:257,0
DA:258,0
DA:259,0
DA:268,0
FN:279,UniswapV2Router.removeLiquidityETHSupportingFeeOnTransferTokens
FNDA:0,UniswapV2Router.removeLiquidityETHSupportingFeeOnTransferTokens
DA:287,0
DA:296,0
DA:301,0
DA:302,0
FN:305,UniswapV2Router.removeLiquidityETHWithPermitSupportingFeeOnTransferTokens
FNDA:0,UniswapV2Router.removeLiquidityETHWithPermitSupportingFeeOnTransferTokens
DA:317,0
DA:318,0
DA:319,0
DA:328,0
FN:340,UniswapV2Router._swap
FNDA:0,UniswapV2Router._swap
DA:345,0
DA:346,0
DA:347,0
DA:348,0
DA:349,0
DA:352,0
DA:355,0
FN:360,UniswapV2Router.swapExactTokensForTokens
FNDA:0,UniswapV2Router.swapExactTokensForTokens
DA:373,0
DA:374,0
BRDA:374,10,0,-
BRDA:374,10,1,-
DA:378,0
DA:384,0
FN:387,UniswapV2Router.swapTokensForExactTokens
FNDA:0,UniswapV2Router.swapTokensForExactTokens
DA:400,0
DA:401,0
BRDA:401,11,0,-
BRDA:401,11,1,-
DA:405,0
DA:411,0
FN:414,UniswapV2Router.swapExactETHForTokens
FNDA:0,UniswapV2Router.swapExactETHForTokens
DA:427,0
BRDA:427,12,0,-
BRDA:427,12,1,-
DA:428,0
DA:429,0
BRDA:429,13,0,-
BRDA:429,13,1,-
DA:433,0
DA:434,0
BRDA:434,14,0,-
BRDA:434,14,1,-
DA:440,0
FN:443,UniswapV2Router.swapTokensForExactETH
FNDA:0,UniswapV2Router.swapTokensForExactETH
DA:456,0
BRDA:456,15,0,-
BRDA:456,15,1,-
DA:457,0
DA:458,0
BRDA:458,16,0,-
BRDA:458,16,1,-
DA:462,0
DA:468,0
DA:469,0
DA:470,0
FN:473,UniswapV2Router.swapExactTokensForETH
FNDA:0,UniswapV2Router.swapExactTokensForETH
DA:486,0
BRDA:486,17,0,-
BRDA:486,17,1,-
DA:487,0
DA:488,0
BRDA:488,18,0,-
BRDA:488,18,1,-
DA:492,0
DA:498,0
DA:499,0
DA:500,0
FN:503,UniswapV2Router.swapETHForExactTokens
FNDA:0,UniswapV2Router.swapETHForExactTokens
DA:516,0
BRDA:516,19,0,-
BRDA:516,19,1,-
DA:517,0
DA:518,0
BRDA:518,20,0,-
BRDA:518,20,1,-
DA:522,0
DA:523,0
BRDA:523,21,0,-
BRDA:523,21,1,-
DA:529,0
DA:531,0
BRDA:531,22,0,-
BRDA:531,22,1,-
DA:532,0
FN:537,UniswapV2Router._swapSupportingFeeOnTransferTokens
FNDA:0,UniswapV2Router._swapSupportingFeeOnTransferTokens
DA:541,0
DA:542,0
DA:543,0
DA:544,0
DA:547,0
DA:548,0
DA:551,0
DA:552,0
DA:555,0
DA:558,0
DA:564,0
DA:567,0
DA:570,0
FN:574,UniswapV2Router.swapExactTokensForTokensSupportingFeeOnTransferTokens
FNDA:0,UniswapV2Router.swapExactTokensForTokensSupportingFeeOnTransferTokens
DA:581,0
DA:587,0
DA:588,0
DA:589,0
BRDA:589,23,0,-
BRDA:589,23,1,-
FN:596,UniswapV2Router.swapExactETHForTokensSupportingFeeOnTransferTokens
FNDA:0,UniswapV2Router.swapExactETHForTokensSupportingFeeOnTransferTokens
DA:602,0
BRDA:602,24,0,-
BRDA:602,24,1,-
DA:603,0
DA:604,0
DA:605,0
BRDA:605,25,0,-
BRDA:605,25,1,-
DA:611,0
DA:612,0
DA:613,0
BRDA:613,26,0,-
BRDA:613,26,1,-
FN:620,UniswapV2Router.swapExactTokensForETHSupportingFeeOnTransferTokens
FNDA:0,UniswapV2Router.swapExactTokensForETHSupportingFeeOnTransferTokens
DA:627,0
BRDA:627,27,0,-
BRDA:627,27,1,-
DA:628,0
DA:634,0
DA:635,0
DA:636,0
BRDA:636,28,0,-
BRDA:636,28,1,-
DA:640,0
DA:641,0
FN:645,UniswapV2Router.quote
FNDA:0,UniswapV2Router.quote
DA:650,0
FN:653,UniswapV2Router.getAmountOut
FNDA:0,UniswapV2Router.getAmountOut
DA:658,0
FN:661,UniswapV2Router.getAmountIn
FNDA:0,UniswapV2Router.getAmountIn
DA:666,0
FN:669,UniswapV2Router.getAmountsOut
FNDA:0,UniswapV2Router.getAmountsOut
DA:673,0
FN:676,UniswapV2Router.getAmountsIn
FNDA:0,UniswapV2Router.getAmountsIn
DA:680,0
FNF:25
FNH:0
LF:132
LH:0
BRF:58
BRH:0
end_of_record
TN:
SF:src/libraries/Math.sol
FN:8,Math.min
FNDA:0,Math.min
DA:9,0
FN:13,Math.sqrt
FNDA:0,Math.sqrt
DA:14,0
BRDA:14,0,0,-
BRDA:14,0,1,-
DA:15,0
DA:16,0
DA:17,0
DA:18,0
DA:19,0
DA:21,0
BRDA:21,1,0,-
BRDA:21,1,1,-
DA:22,0
FNF:2
FNH:0
LF:9
LH:0
BRF:4
BRH:0
end_of_record
TN:
SF:src/libraries/TransferHelper.sol
FN:7,TransferHelper.safeApprove
FNDA:0,TransferHelper.safeApprove
DA:9,0
DA:12,0
BRDA:12,0,0,-
BRDA:12,0,1,-
FN:18,TransferHelper.safeTransfer
FNDA:0,TransferHelper.safeTransfer
DA:20,0
DA:23,0
BRDA:23,1,0,-
BRDA:23,1,1,-
FN:29,TransferHelper.safeTransferFrom
FNDA:0,TransferHelper.safeTransferFrom
DA:36,0
DA:39,0
BRDA:39,2,0,-
BRDA:39,2,1,-
FN:45,TransferHelper.safeTransferETH
FNDA:0,TransferHelper.safeTransferETH
DA:46,0
DA:47,0
BRDA:47,3,0,-
BRDA:47,3,1,-
FNF:4
FNH:0
LF:8
LH:0
BRF:8
BRH:0
end_of_record
TN:
SF:src/libraries/UQ112x112.sol
FN:15,UQ112x112.encode
FNDA:0,UQ112x112.encode
DA:16,0
FN:20,UQ112x112.uqdiv
FNDA:0,UQ112x112.uqdiv
DA:21,0
FNF:2
FNH:0
LF:2
LH:0
BRF:0
BRH:0
end_of_record
TN:
SF:src/libraries/UniswapV2Library.sol
FN:11,UniswapV2Library.sortTokens
FNDA:0,UniswapV2Library.sortTokens
DA:15,0
BRDA:15,0,0,-
BRDA:15,0,1,-
DA:16,0
DA:19,0
BRDA:19,1,0,-
BRDA:19,1,1,-
FN:23,UniswapV2Library.pairFor
FNDA:0,UniswapV2Library.pairFor
DA:28,0
DA:29,0
FN:46,UniswapV2Library.getReserves
FNDA:0,UniswapV2Library.getReserves
DA:51,0
DA:52,0
DA:55,0
FN:61,UniswapV2Library.quote
FNDA:0,UniswapV2Library.quote
DA:66,0
BRDA:66,2,0,-
BRDA:66,2,1,-
DA:67,0
BRDA:67,3,0,-
BRDA:67,3,1,-
DA:71,0
FN:75,UniswapV2Library.getAmountOut
FNDA:0,UniswapV2Library.getAmountOut
DA:80,0
BRDA:80,4,0,-
BRDA:80,4,1,-
DA:81,0
BRDA:81,5,0,-
BRDA:81,5,1,-
DA:85,0
DA:86,0
DA:87,0
DA:88,0
FN:92,UniswapV2Library.getAmountIn
FNDA:0,UniswapV2Library.getAmountIn
DA:97,0
BRDA:97,6,0,-
BRDA:97,6,1,-
DA:98,0
BRDA:98,7,0,-
BRDA:98,7,1,-
DA:102,0
DA:103,0
DA:104,0
FN:108,UniswapV2Library.getAmountsOut
FNDA:0,UniswapV2Library.getAmountsOut
DA:113,0
BRDA:113,8,0,-
BRDA:113,8,1,-
DA:114,0
DA:115,0
DA:116,0
DA:117,0
DA:122,0
FN:127,UniswapV2Library.getAmountsIn
FNDA:0,UniswapV2Library.getAmountsIn
DA:132,0
BRDA:132,9,0,-
BRDA:132,9,1,-
DA:133,0
DA:134,0
DA:135,0
DA:136,0
DA:141,0
FNF:8
FNH:0
LF:34
LH:0
BRF:20
BRH:0
end_of_record
TN:
SF:src/test/RouterEventEmitter.sol
FN:12,RouterEventEmitter.swapExactTokensForTokens
FNDA:0,RouterEventEmitter.swapExactTokensForTokens
DA:20,0
DA:30,0
BRDA:30,0,0,-
BRDA:30,0,1,-
DA:31,0
FN:34,RouterEventEmitter.swapTokensForExactTokens
FNDA:0,RouterEventEmitter.swapTokensForExactTokens
DA:42,0
DA:52,0
BRDA:52,1,0,-
BRDA:52,1,1,-
DA:53,0
FN:56,RouterEventEmitter.swapExactETHForTokens
FNDA:0,RouterEventEmitter.swapExactETHForTokens
DA:63,0
DA:72,0
BRDA:72,2,0,-
BRDA:72,2,1,-
DA:73,0
FN:76,RouterEventEmitter.swapTokensForExactETH
FNDA:0,RouterEventEmitter.swapTokensForExactETH
DA:84,0
DA:94,0
BRDA:94,3,0,-
BRDA:94,3,1,-
DA:95,0
FN:98,RouterEventEmitter.swapExactTokensForETH
FNDA:0,RouterEventEmitter.swapExactTokensForETH
DA:106,0
DA:116,0
BRDA:116,4,0,-
BRDA:116,4,1,-
DA:117,0
FN:120,RouterEventEmitter.swapETHForExactTokens
FNDA:0,RouterEventEmitter.swapETHForExactTokens
DA:127,0
DA:136,0
BRDA:136,5,0,-
BRDA:136,5,1,-
DA:137,0
FNF:6
FNH:0
LF:18
LH:0
BRF:12
BRH:0
end_of_record
TN:
SF:src/test/WETH9.sol
FN:22,WETH9.deposit
FNDA:0,WETH9.deposit
DA:23,0
DA:24,0
FN:27,WETH9.withdraw
FNDA:0,WETH9.withdraw
DA:28,0
BRDA:28,0,0,-
BRDA:28,0,1,-
DA:29,0
DA:30,0
DA:31,0
FN:34,WETH9.totalSupply
FNDA:0,WETH9.totalSupply
DA:35,0
FN:38,WETH9.approve
FNDA:0,WETH9.approve
DA:39,0
DA:40,0
DA:41,0
FN:44,WETH9.transfer
FNDA:0,WETH9.transfer
DA:45,0
FN:48,WETH9.transferFrom
FNDA:0,WETH9.transferFrom
DA:53,0
BRDA:53,1,0,-
BRDA:53,1,1,-
DA:56,0
BRDA:55,2,0,-
BRDA:55,2,1,-
DA:58,0
BRDA:58,3,0,-
BRDA:58,3,1,-
DA:59,0
DA:62,0
DA:63,0
DA:65,0
DA:67,0
FNF:6
FNH:0
LF:19
LH:0
BRF:8
BRH:0
end_of_record
